[0m19:35:01.342143 [debug] [MainThread]: Sending event: {'category': 'dbt', 'action': 'invocation', 'label': 'start', 'context': [<snowplow_tracker.self_describing_json.SelfDescribingJson object at 0x10453abc0>, <snowplow_tracker.self_describing_json.SelfDescribingJson object at 0x105706b60>, <snowplow_tracker.self_describing_json.SelfDescribingJson object at 0x105706440>]}


============================== 19:35:01.351821 | 47918ff4-7936-452e-a825-d93b145b87c4 ==============================
[0m19:35:01.351821 [info ] [MainThread]: Running with dbt=1.9.2
[0m19:35:01.352310 [debug] [MainThread]: running dbt with arguments {'printer_width': '80', 'indirect_selection': 'eager', 'write_json': 'True', 'log_cache_events': 'False', 'partial_parse': 'True', 'cache_selected_only': 'False', 'profiles_dir': '/Users/blessingangus/.dbt', 'debug': 'False', 'version_check': 'True', 'log_path': 'logs', 'fail_fast': 'False', 'warn_error': 'None', 'use_colors': 'True', 'use_experimental_parser': 'False', 'no_print': 'None', 'quiet': 'False', 'empty': 'None', 'log_format': 'default', 'introspect': 'True', 'warn_error_options': 'WarnErrorOptions(include=[], exclude=[])', 'static_parser': 'True', 'target_path': 'None', 'invocation_command': 'dbt init poc_project', 'send_anonymous_usage_stats': 'True'}
[0m19:35:01.545929 [debug] [MainThread]: Starter project path: /Users/blessingangus/.pyenv/versions/3.10.12/lib/python3.10/site-packages/dbt/include/starter_project
[0m19:35:01.872308 [info ] [MainThread]: 
Your new dbt project "poc_project" was created!

For more information on how to configure the profiles.yml file,
please consult the dbt documentation here:

  https://docs.getdbt.com/docs/configure-your-profile

One more thing:

Need help? Don't hesitate to reach out to us via GitHub issues or on Slack:

  https://community.getdbt.com/

Happy modeling!

[0m19:35:01.872776 [info ] [MainThread]: Setting up your profile.
[0m19:36:44.160655 [info ] [MainThread]: Profile poc_project written to /Users/blessingangus/.dbt/profiles.yml using target's profile_template.yml and your supplied values. Run 'dbt debug' to validate the connection.
[0m19:36:44.258873 [debug] [MainThread]: Resource report: {"command_name": "init", "command_success": true, "command_wall_clock_time": 103.540054, "process_in_blocks": "0", "process_kernel_time": 0.673286, "process_mem_max_rss": "85508096", "process_out_blocks": "0", "process_user_time": 1.788958}
[0m19:36:44.263594 [debug] [MainThread]: Command `dbt init` succeeded at 19:36:44.262292 after 103.55 seconds
[0m19:36:44.268874 [debug] [MainThread]: Sending event: {'category': 'dbt', 'action': 'invocation', 'label': 'end', 'context': [<snowplow_tracker.self_describing_json.SelfDescribingJson object at 0x10453abc0>, <snowplow_tracker.self_describing_json.SelfDescribingJson object at 0x105706830>, <snowplow_tracker.self_describing_json.SelfDescribingJson object at 0x105711db0>]}
[0m19:36:44.271341 [debug] [MainThread]: Flushing usage events
[0m19:36:45.743192 [debug] [MainThread]: An error was encountered while trying to flush usage events
